<?xml version="1.0" encoding="UTF-8"?>
<!-- Generated by org.testng.reporters.JUnitXMLReporter -->
<testsuite hostname="BDC6-DX-6FB9NK2" ignored="1" name="TC001" tests="2" failures="0" timestamp="27 Aug 2019 06:54:22 GMT" time="0.05" errors="0">
  <testcase name="tmethod2" time="0.005" classname="testingdemo.TestClass001"/>
  <testcase name="tmethod1" time="0.002" classname="testingdemo.TestClass001"/>
  <testcase name="tmethod5" time="0.0" classname="testingdemo.TestClass001">
    <ignored/>
  </testcase> <!-- tmethod5 -->
</testsuite> <!-- TC001 -->
