<?xml version="1.0" encoding="UTF-8"?>
<testng-results skipped="0" failed="0" ignored="1" total="5" passed="4">
  <reporter-output>
  </reporter-output>
  <suite name="TestSuit01" duration-ms="124" started-at="2019-08-27T06:54:22Z" finished-at="2019-08-27T06:54:22Z">
    <groups>
    </groups>
    <test name="TC001" duration-ms="50" started-at="2019-08-27T06:54:22Z" finished-at="2019-08-27T06:54:22Z">
      <class name="testingdemo.TestClass001">
        <test-method status="PASS" signature="beforeMethod1()[pri:0, instance:testingdemo.TestClass001@6d00a15d]" name="beforeMethod1" is-config="true" duration-ms="9" started-at="2019-08-27T06:54:22Z" finished-at="2019-08-27T06:54:22Z">
          <reporter-output>
          </reporter-output>
        </test-method> <!-- beforeMethod1 -->
        <test-method status="PASS" signature="tmethod2()[pri:1, instance:testingdemo.TestClass001@6d00a15d]" name="tmethod2" duration-ms="5" started-at="2019-08-27T06:54:22Z" finished-at="2019-08-27T06:54:22Z">
          <reporter-output>
          </reporter-output>
        </test-method> <!-- tmethod2 -->
        <test-method status="PASS" signature="beforeMethod1()[pri:0, instance:testingdemo.TestClass001@6d00a15d]" name="beforeMethod1" is-config="true" duration-ms="0" started-at="2019-08-27T06:54:22Z" finished-at="2019-08-27T06:54:22Z">
          <reporter-output>
          </reporter-output>
        </test-method> <!-- beforeMethod1 -->
        <test-method status="PASS" signature="tmethod1()[pri:2, instance:testingdemo.TestClass001@6d00a15d]" name="tmethod1" duration-ms="2" started-at="2019-08-27T06:54:22Z" finished-at="2019-08-27T06:54:22Z">
          <reporter-output>
          </reporter-output>
        </test-method> <!-- tmethod1 -->
        <test-method status="PASS" signature="afterClass()[pri:0, instance:testingdemo.TestClass001@6d00a15d]" name="afterClass" is-config="true" duration-ms="1" started-at="2019-08-27T06:54:22Z" finished-at="2019-08-27T06:54:22Z">
          <reporter-output>
          </reporter-output>
        </test-method> <!-- afterClass -->
      </class> <!-- testingdemo.TestClass001 -->
    </test> <!-- TC001 -->
    <test name="TC002" duration-ms="17" started-at="2019-08-27T06:54:22Z" finished-at="2019-08-27T06:54:22Z">
      <class name="testingdemo.TestClass02">
        <test-method status="PASS" signature="beforeMethod2()[pri:0, instance:testingdemo.TestClass02@2b98378d]" name="beforeMethod2" is-config="true" duration-ms="1" started-at="2019-08-27T06:54:22Z" finished-at="2019-08-27T06:54:22Z">
          <reporter-output>
          </reporter-output>
        </test-method> <!-- beforeMethod2 -->
        <test-method status="PASS" signature="tmethod3()[pri:0, instance:testingdemo.TestClass02@2b98378d]" name="tmethod3" duration-ms="1" started-at="2019-08-27T06:54:22Z" finished-at="2019-08-27T06:54:22Z">
          <reporter-output>
          </reporter-output>
        </test-method> <!-- tmethod3 -->
        <test-method status="PASS" signature="tmethod4()[pri:0, instance:testingdemo.TestClass02@2b98378d]" name="tmethod4" duration-ms="3" started-at="2019-08-27T06:54:22Z" finished-at="2019-08-27T06:54:22Z">
          <reporter-output>
          </reporter-output>
        </test-method> <!-- tmethod4 -->
        <test-method status="PASS" signature="beforeMethod2()[pri:0, instance:testingdemo.TestClass02@2b98378d]" name="beforeMethod2" is-config="true" duration-ms="0" started-at="2019-08-27T06:54:22Z" finished-at="2019-08-27T06:54:22Z">
          <reporter-output>
          </reporter-output>
        </test-method> <!-- beforeMethod2 -->
        <test-method status="PASS" signature="after()[pri:0, instance:testingdemo.TestClass02@2b98378d]" name="after" is-config="true" duration-ms="2" started-at="2019-08-27T06:54:22Z" finished-at="2019-08-27T06:54:22Z">
          <reporter-output>
          </reporter-output>
        </test-method> <!-- after -->
      </class> <!-- testingdemo.TestClass02 -->
    </test> <!-- TC002 -->
  </suite> <!-- TestSuit01 -->
</testng-results>
